studied python basics
    Indentation - space, tab
    Data type
    Basic operations
    Loops
    Function
    Class
    Object
    OOP concepts
    self argument
    Constructor, destructor
    File operations
    Positional arguments(args), Keyword arguments(kwargs)
    return, yield
    try, except
    String formatting
    Generators
    Module importing
    Python memory reference
    List comprehension
    Code readability, optimization, reliability
    Python standards - PEP8
meeting was conducted and detailed explanation of some topics were given and clarified all doubts.